# JRE version: OpenJDK Runtime Environment Temurin-17.0.4+8 (17.0.4+8) (build 17.0.4+8)
# Java VM: OpenJDK 64-Bit Server VM Temurin-17.0.4+8 (17.0.4+8, mixed mode, emulated-client, tiered, compressed oops, compressed class ptrs, g1 gc, windows-amd64)
GC Precious Log:
 CPUs: 8 total, 8 available
 Memory: 3838M
 Large Page Support: Disabled
 NUMA Support: Disabled
 Compressed Oops: Enabled (32-bit)
 Heap Region Size: 1M
 Heap Min Capacity: 8M
 Heap Initial Capacity: 60M
 Heap Max Capacity: 960M
 Pre-touch: Disabled
 Parallel Workers: 8
 Concurrent Workers: 2
 Concurrent Refinement Workers: 8
 Periodic GC: Disabled
Heap:
 garbage-first heap   total 174080K, used 69237K [0x00000000c4000000, 0x0000000100000000)
  region size 1024K, 4 young (4096K), 4 survivors (4096K)
 Metaspace       used 36063K, committed 36416K, reserved 1081344K
  class space    used 4684K, committed 4864K, reserved 1048576K
GC Heap History (20 events):
Event: 12.739 GC heap after
{Heap after GC invocations=11 (full 0):
 garbage-first heap   total 48128K, used 25597K [0x00000000c4000000, 0x0000000100000000)
  region size 1024K, 2 young (2048K), 2 survivors (2048K)
 Metaspace       used 33908K, committed 34240K, reserved 1081344K
  class space    used 4317K, committed 4480K, reserved 1048576K
}
Event: 12.804 GC heap before
{Heap before GC invocations=11 (full 0):
 garbage-first heap   total 48128K, used 35837K [0x00000000c4000000, 0x0000000100000000)
  region size 1024K, 12 young (12288K), 2 survivors (2048K)
 Metaspace       used 34198K, committed 34560K, reserved 1081344K
  class space    used 4357K, committed 4544K, reserved 1048576K
}
Event: 12.807 GC heap after
{Heap after GC invocations=12 (full 0):
 garbage-first heap   total 58368K, used 27898K [0x00000000c4000000, 0x0000000100000000)
  region size 1024K, 2 young (2048K), 2 survivors (2048K)
 Metaspace       used 34198K, committed 34560K, reserved 1081344K
  class space    used 4357K, committed 4544K, reserved 1048576K
}
Event: 12.885 GC heap before
{Heap before GC invocations=13 (full 0):
 garbage-first heap   total 58368K, used 43258K [0x00000000c4000000, 0x0000000100000000)
  region size 1024K, 17 young (17408K), 2 survivors (2048K)
 Metaspace       used 34312K, committed 34688K, reserved 1081344K
  class space    used 4382K, committed 4544K, reserved 1048576K
}
Event: 12.890 GC heap after
{Heap after GC invocations=14 (full 0):
 garbage-first heap   total 58368K, used 30711K [0x00000000c4000000, 0x0000000100000000)
  region size 1024K, 3 young (3072K), 3 survivors (3072K)
 Metaspace       used 34312K, committed 34688K, reserved 1081344K
  class space    used 4382K, committed 4544K, reserved 1048576K
}
Event: 12.893 GC heap before
{Heap before GC invocations=14 (full 0):
 garbage-first heap   total 58368K, used 31735K [0x00000000c4000000, 0x0000000100000000)
  region size 1024K, 4 young (4096K), 3 survivors (3072K)
 Metaspace       used 34316K, committed 34688K, reserved 1081344K
  class space    used 4383K, committed 4544K, reserved 1048576K
}
Event: 12.896 GC heap after
{Heap after GC invocations=15 (full 0):
 garbage-first heap   total 58368K, used 30901K [0x00000000c4000000, 0x0000000100000000)
  region size 1024K, 1 young (1024K), 1 survivors (1024K)
 Metaspace       used 34316K, committed 34688K, reserved 1081344K
  class space    used 4383K, committed 4544K, reserved 1048576K
}
Event: 12.958 GC heap before
{Heap before GC invocations=15 (full 0):
 garbage-first heap   total 58368K, used 44213K [0x00000000c4000000, 0x0000000100000000)
  region size 1024K, 14 young (14336K), 1 survivors (1024K)
 Metaspace       used 34387K, committed 34752K, reserved 1081344K
  class space    used 4395K, committed 4544K, reserved 1048576K
}
Event: 12.961 GC heap after
{Heap after GC invocations=16 (full 0):
 garbage-first heap   total 58368K, used 33280K [0x00000000c4000000, 0x0000000100000000)
  region size 1024K, 2 young (2048K), 2 survivors (2048K)
 Metaspace       used 34387K, committed 34752K, reserved 1081344K
  class space    used 4395K, committed 4544K, reserved 1048576K
}
Event: 12.988 GC heap before
{Heap before GC invocations=16 (full 0):
 garbage-first heap   total 71680K, used 45568K [0x00000000c4000000, 0x0000000100000000)
  region size 1024K, 14 young (14336K), 2 survivors (2048K)
 Metaspace       used 34422K, committed 34816K, reserved 1081344K
  class space    used 4400K, committed 4608K, reserved 1048576K
}
Event: 12.992 GC heap after
{Heap after GC invocations=17 (full 0):
 garbage-first heap   total 71680K, used 35472K [0x00000000c4000000, 0x0000000100000000)
  region size 1024K, 2 young (2048K), 2 survivors (2048K)
 Metaspace       used 34422K, committed 34816K, reserved 1081344K
  class space    used 4400K, committed 4608K, reserved 1048576K
}
Event: 13.020 GC heap before
{Heap before GC invocations=18 (full 0):
 garbage-first heap   total 71680K, used 54928K [0x00000000c4000000, 0x0000000100000000)
  region size 1024K, 21 young (21504K), 2 survivors (2048K)
 Metaspace       used 34440K, committed 34880K, reserved 1081344K
  class space    used 4401K, committed 4608K, reserved 1048576K
}
Event: 13.027 GC heap after
{Heap after GC invocations=19 (full 0):
 garbage-first heap   total 174080K, used 40918K [0x00000000c4000000, 0x0000000100000000)
  region size 1024K, 3 young (3072K), 3 survivors (3072K)
 Metaspace       used 34440K, committed 34880K, reserved 1081344K
  class space    used 4401K, committed 4608K, reserved 1048576K
}
Event: 13.034 GC heap before
{Heap before GC invocations=19 (full 0):
 garbage-first heap   total 174080K, used 46038K [0x00000000c4000000, 0x0000000100000000)
  region size 1024K, 8 young (8192K), 3 survivors (3072K)
 Metaspace       used 34453K, committed 34880K, reserved 1081344K
  class space    used 4402K, committed 4608K, reserved 1048576K
}
Event: 13.038 GC heap after
{Heap after GC invocations=20 (full 0):
 garbage-first heap   total 174080K, used 42342K [0x00000000c4000000, 0x0000000100000000)
  region size 1024K, 1 young (1024K), 1 survivors (1024K)
 Metaspace       used 34453K, committed 34880K, reserved 1081344K
  class space    used 4402K, committed 4608K, reserved 1048576K
}
Event: 14.663 GC heap before
{Heap before GC invocations=20 (full 0):
 garbage-first heap   total 174080K, used 122214K [0x00000000c4000000, 0x0000000100000000)
  region size 1024K, 78 young (79872K), 1 survivors (1024K)
 Metaspace       used 35819K, committed 36160K, reserved 1081344K
  class space    used 4649K, committed 4800K, reserved 1048576K
}
Event: 14.726 GC heap after
{Heap after GC invocations=21 (full 0):
 garbage-first heap   total 174080K, used 64284K [0x00000000c4000000, 0x0000000100000000)
  region size 1024K, 10 young (10240K), 10 survivors (10240K)
 Metaspace       used 35819K, committed 36160K, reserved 1081344K
  class space    used 4649K, committed 4800K, reserved 1048576K
}
Event: 14.816 GC heap before
{Heap before GC invocations=21 (full 0):
 garbage-first heap   total 174080K, used 107292K [0x00000000c4000000, 0x0000000100000000)
  region size 1024K, 53 young (54272K), 10 survivors (10240K)
 Metaspace       used 36029K, committed 36416K, reserved 1081344K
  class space    used 4677K, committed 4864K, reserved 1048576K
}
Event: 14.833 GC heap after
{Heap after GC invocations=22 (full 0):
 garbage-first heap   total 174080K, used 67948K [0x00000000c4000000, 0x0000000100000000)
  region size 1024K, 3 young (3072K), 3 survivors (3072K)
 Metaspace       used 36029K, committed 36416K, reserved 1081344K
  class space    used 4677K, committed 4864K, reserved 1048576K
}
Event: 14.882 GC heap before
{Heap before GC invocations=22 (full 0):
 garbage-first heap   total 174080K, used 113004K [0x00000000c4000000, 0x0000000100000000)
  region size 1024K, 48 young (49152K), 3 survivors (3072K)
 Metaspace       used 36063K, committed 36416K, reserved 1081344K
  class space    used 4684K, committed 4864K, reserved 1048576K
}

